INFO:     Started server process [28468]
INFO:     Waiting for application startup.
2026-04-06 12:16:12,144 INFO telethon.network.mtprotosender Connecting to 149.154.167.91:443/TcpFull...
INFO:     Application startup complete.
INFO:     Uvicorn running on http://127.0.0.1:8000 (Press CTRL+C to quit)
2026-04-06 12:16:12,203 INFO telethon.network.mtprotosender Connection to 149.154.167.91:443/TcpFull complete!
2026-04-06 12:16:20,760 INFO app.services.telegram_listener Telegram listener started for channels redlinkleb, alichoeib1970
2026-04-06 12:36:11,787 WARNING telethon.network.connection.connection Server closed the connection: [WinError 10054] An existing connection was forcibly closed by the remote host
2026-04-06 12:36:11,844 INFO telethon.network.mtprotosender Connection closed while receiving data: [WinError 10054] An existing connection was forcibly closed by the remote host
2026-04-06 12:36:11,860 INFO telethon.network.mtprotosender Connection closed while sending data
2026-04-06 12:36:11,874 INFO telethon.network.mtprotosender Closing current connection to begin reconnect...
2026-04-06 12:36:11,890 INFO telethon.network.mtprotosender Connecting to 149.154.167.91:443/TcpFull...
2026-04-06 12:36:11,943 INFO telethon.network.connection.connection <class 'ConnectionResetError'> during disconnect: [WinError 10054] An existing connection was forcibly closed by the remote host
2026-04-06 12:36:12,142 INFO telethon.network.mtprotosender Connection to 149.154.167.91:443/TcpFull complete!
2026-04-06 12:36:13,061 INFO telethon.client.updates Got difference for channel 1117002984 updates
2026-04-06 12:36:13,437 INFO telethon.client.updates Got difference for channel 3210875978 updates
2026-04-06 12:36:13,798 INFO telethon.client.updates Got difference for channel 1613270320 updates
2026-04-06 12:36:13,954 INFO telethon.client.updates Got difference for channel 1344300120 updates
2026-04-06 12:36:14,156 INFO telethon.client.updates Got difference for channel 1406113886 updates
2026-04-06 12:36:14,393 INFO telethon.client.updates Got difference for channel 1634417880 updates
2026-04-06 13:50:42,268 WARNING telethon.network.connection.connection Server closed the connection: [WinError 1236] The network connection was aborted by the local system
2026-04-06 13:50:42,284 INFO telethon.network.mtprotosender Connection closed while sending data
2026-04-06 13:50:42,290 INFO telethon.network.mtprotosender Connection closed while receiving data: [WinError 1236] The network connection was aborted by the local system
2026-04-06 13:50:42,292 INFO telethon.network.mtprotosender Closing current connection to begin reconnect...
2026-04-06 13:50:42,293 INFO telethon.network.mtprotosender Connecting to 149.154.167.91:443/TcpFull...
2026-04-06 13:50:42,298 WARNING telethon.network.mtprotosender Attempt 1 at connecting failed: OSError: [WinError 1232] The network location cannot be reached. For information about network troubleshooting, see Windows Help
2026-04-06 13:50:42,308 INFO telethon.network.connection.connection <class 'ConnectionAbortedError'> during disconnect: [WinError 1236] The network connection was aborted by the local system
2026-04-06 13:50:43,501 INFO telethon.network.mtprotosender Connection to 149.154.167.91:443/TcpFull complete!
2026-04-06 13:50:44,382 INFO telethon.client.updates Got difference for channel 1837257507 updates
2026-04-06 13:50:44,722 INFO telethon.client.updates Got difference for channel 1117002984 updates
2026-04-06 13:50:45,190 INFO telethon.client.updates Got difference for channel 3210875978 updates
2026-04-06 13:50:46,338 INFO telethon.client.updates Got difference for channel 1344300120 updates
2026-04-06 13:50:46,679 INFO telethon.client.updates Got difference for channel 1406113886 updates
2026-04-06 13:52:05,531 INFO telethon.client.updates Got difference for channel 1310612033 updates
INFO:     Shutting down
INFO:     Waiting for connections to close. (CTRL+C to force quit)
